#
# A fatal error has been detected by the Java Runtime Environment:
#
#  EXCEPTION_ACCESS_VIOLATION (0xc0000005) at pc=0x000000006fab8845, pid=14920, tid=15612
#
# JRE version: Java(TM) SE Runtime Environment (8.0_60-b27) (build 1.8.0_60-b27)
# Java VM: Java HotSpot(TM) 64-Bit Server VM (25.60-b23 mixed mode windows-amd64 compressed oops)
# Problematic frame:
# V  [jvm.dll+0x128845]
#
# Failed to write core dump. Minidumps are not enabled by default on client versions of Windows
#
# If you would like to submit a bug report, please visit:
#   http://bugreport.java.com/bugreport/crash.jsp
#

---------------  T H R E A D  ---------------

Current thread (0x0000000017d76800):  JavaThread "JDWP Transport Listener: dt_socket" daemon [_thread_in_vm, id=15612, stack(0x00000000196f0000,0x00000000197f0000)]

siginfo: ExceptionCode=0xc0000005, reading address 0xffffffffffffffff

Registers:
RAX=0x00000000197ef801, RBX=0x0000000017d76800, RCX=0x74537475706e492f, RDX=0x0000000000000000
RSP=0x00000000197ef870, RBP=0x74537475706e492f, RSI=0x00000000197ef988, RDI=0x0000000002f9c890
R8 =0x0000000017d76800, R9 =0x0000000000008000, R10=0x0000000000000000, R11=0x00000000197efac1
R12=0x0000000000000000, R13=0x0000000017d6d488, R14=0x0000000000000000, R15=0x0000000000000000
RIP=0x000000006fab8845, EFLAGS=0x0000000000010202

Top of Stack: (sp=0x00000000197ef870)
0x00000000197ef870:   0000000017d76800 0000000017d76800
0x00000000197ef880:   00000000197ef938 000000006fcbe18b
0x00000000197ef890:   0000000017d76800 000000006fcda9ed
0x00000000197ef8a0:   0000000000000000 0000000070799155
0x00000000197ef8b0:   000000001d023030 00000000707a291e
0x00000000197ef8c0:   0000000017d76800 0000000000000000
0x00000000197ef8d0:   0000000000000000 0000000000000000
0x00000000197ef8e0:   74537475706e492f 00000000707a1a15
0x00000000197ef8f0:   00000000197ef988 00000000197ef960
0x00000000197ef900:   0000000000000001 000000001d023030
0x00000000197ef910:   74537475706e492f 00000000707853b3
0x00000000197ef920:   00000000197efa50 0000000000000001
0x00000000197ef930:   0000000000000001 000000001d023030
0x00000000197ef940:   0000000000000001 0000000000000000
0x00000000197ef950:   0000000000000000 0000000000000000
0x00000000197ef960:   0000000000000001 0000000070785571 

Instructions: (pc=0x000000006fab8845)
0x000000006fab8825:   cc cc cc cc cc cc cc cc cc cc cc 48 83 ec 28 48
0x000000006fab8835:   85 c9 75 07 33 c0 48 83 c4 28 c3 48 89 5c 24 20
0x000000006fab8845:   48 8b 19 48 85 db 74 20 48 83 fb 37 74 1a 48 8b
0x000000006fab8855:   13 48 8b cb ff 52 10 84 c0 74 0d 48 8b c3 48 8b 


Register to memory mapping:

RAX=0x00000000197ef801 is pointing into the stack for thread: 0x0000000017d76800
RBX=0x0000000017d76800 is a thread
RCX=0x74537475706e492f is an unknown value
RDX=0x0000000000000000 is an unknown value
RSP=0x00000000197ef870 is pointing into the stack for thread: 0x0000000017d76800
RBP=0x74537475706e492f is an unknown value
RSI=0x00000000197ef988 is pointing into the stack for thread: 0x0000000017d76800
RDI=0x0000000002f9c890 is an unknown value
R8 =0x0000000017d76800 is a thread
R9 =0x0000000000008000 is an unknown value
R10=0x0000000000000000 is an unknown value
R11=0x00000000197efac1 is pointing into the stack for thread: 0x0000000017d76800
R12=0x0000000000000000 is an unknown value
R13=0x0000000017d6d488 is an unknown value
R14=0x0000000000000000 is an unknown value
R15=0x0000000000000000 is an unknown value


Stack: [0x00000000196f0000,0x00000000197f0000],  sp=0x00000000197ef870,  free space=1022k
Native frames: (J=compiled Java code, j=interpreted, Vv=VM code, C=native code)
V  [jvm.dll+0x128845]
V  [jvm.dll+0x34a9ed]
C  [jdwp.dll+0x21a15]
C  [jdwp.dll+0x53b3]
C  [jdwp.dll+0x5571]
C  [jdwp.dll+0xf0a8]
C  [jdwp.dll+0x1f2d5]
C  [jdwp.dll+0x1f4aa]
V  [jvm.dll+0x1bb8e8]
V  [jvm.dll+0x243134]
V  [jvm.dll+0x299f6a]
C  [msvcr100.dll+0x21d9f]
C  [msvcr100.dll+0x21e3b]
C  [KERNEL32.DLL+0x17974]
C  [ntdll.dll+0x6a271]


---------------  P R O C E S S  ---------------

Java Threads: ( => current thread )
  0x000000001a99f000 JavaThread "AWT-Windows" daemon [_thread_in_native, id=9552, stack(0x00000000247f0000,0x00000000248f0000)]
  0x000000001a9a3800 JavaThread "Java2D Disposer" daemon [_thread_blocked, id=4580, stack(0x00000000245f0000,0x00000000246f0000)]
  0x000000001a9a4000 JavaThread "DestroyJavaVM" [_thread_blocked, id=2392, stack(0x0000000003030000,0x0000000003130000)]
  0x000000001a9a2800 JavaThread "http-nio-8080-Acceptor" daemon [_thread_in_native, id=8592, stack(0x00000000242f0000,0x00000000243f0000)]
  0x000000001a9a2000 JavaThread "http-nio-8080-ClientPoller" daemon [_thread_in_native, id=3672, stack(0x00000000241f0000,0x00000000242f0000)]
  0x000000001a99d000 JavaThread "http-nio-8080-exec-10" daemon [_thread_blocked, id=17840, stack(0x0000000023030000,0x0000000023130000)]
  0x000000001a9a1000 JavaThread "http-nio-8080-exec-9" daemon [_thread_blocked, id=15212, stack(0x0000000022f30000,0x0000000023030000)]
  0x000000001a9a0800 JavaThread "http-nio-8080-exec-8" daemon [_thread_blocked, id=5440, stack(0x0000000022b50000,0x0000000022c50000)]
  0x000000001b59c800 JavaThread "http-nio-8080-exec-7" daemon [_thread_blocked, id=15444, stack(0x0000000022a50000,0x0000000022b50000)]
  0x000000001b59c000 JavaThread "http-nio-8080-exec-6" daemon [_thread_blocked, id=8960, stack(0x00000000218e0000,0x00000000219e0000)]
  0x000000001b59b000 JavaThread "http-nio-8080-exec-5" daemon [_thread_blocked, id=17276, stack(0x00000000217e0000,0x00000000218e0000)]
  0x000000001afc5000 JavaThread "http-nio-8080-exec-4" daemon [_thread_blocked, id=20204, stack(0x00000000216e0000,0x00000000217e0000)]
  0x00000000212b2800 JavaThread "http-nio-8080-exec-3" daemon [_thread_blocked, id=19832, stack(0x00000000215e0000,0x00000000216e0000)]
  0x00000000212b2000 JavaThread "http-nio-8080-exec-2" daemon [_thread_blocked, id=17168, stack(0x00000000214e0000,0x00000000215e0000)]
  0x00000000212b1800 JavaThread "http-nio-8080-exec-1" daemon [_thread_blocked, id=16064, stack(0x0000000020380000,0x0000000020480000)]
  0x000000001d3dc000 JavaThread "http-nio-8080-BlockPoller" daemon [_thread_in_native, id=6616, stack(0x0000000020280000,0x0000000020380000)]
  0x000000001d64b800 JavaThread "container-0" [_thread_blocked, id=17056, stack(0x000000001ff80000,0x0000000020080000)]
  0x0000000022252800 JavaThread "Catalina-utility-2" [_thread_blocked, id=18188, stack(0x000000001eeb0000,0x000000001efb0000)]
  0x0000000021c37000 JavaThread "Catalina-utility-1" [_thread_blocked, id=12512, stack(0x000000001edb0000,0x000000001eeb0000)]
  0x0000000019d32000 JavaThread "Service Thread" daemon [_thread_blocked, id=15408, stack(0x000000001a0f0000,0x000000001a1f0000)]
  0x0000000017db5000 JavaThread "C1 CompilerThread2" daemon [_thread_blocked, id=17640, stack(0x0000000019bf0000,0x0000000019cf0000)]
  0x0000000017d92000 JavaThread "C2 CompilerThread1" daemon [_thread_blocked, id=11708, stack(0x0000000019af0000,0x0000000019bf0000)]
  0x0000000017d8a800 JavaThread "C2 CompilerThread0" daemon [_thread_blocked, id=9308, stack(0x00000000199f0000,0x0000000019af0000)]
  0x0000000017d7e800 JavaThread "JDWP Command Reader" daemon [_thread_in_native, id=8828, stack(0x00000000198f0000,0x00000000199f0000)]
  0x0000000017d79000 JavaThread "JDWP Event Helper Thread" daemon [_thread_blocked, id=7648, stack(0x00000000197f0000,0x00000000198f0000)]
=>0x0000000017d76800 JavaThread "JDWP Transport Listener: dt_socket" daemon [_thread_in_vm, id=15612, stack(0x00000000196f0000,0x00000000197f0000)]
  0x0000000017d63000 JavaThread "Attach Listener" daemon [_thread_blocked, id=12400, stack(0x00000000192b0000,0x00000000193b0000)]
  0x0000000017d62000 JavaThread "Signal Dispatcher" daemon [_thread_blocked, id=13804, stack(0x00000000191b0000,0x00000000192b0000)]
  0x0000000003229800 JavaThread "Finalizer" daemon [_thread_blocked, id=16952, stack(0x0000000018fb0000,0x00000000190b0000)]
  0x0000000017d28800 JavaThread "Reference Handler" daemon [_thread_blocked, id=4080, stack(0x0000000018eb0000,0x0000000018fb0000)]

Other Threads:
  0x0000000017d27800 VMThread [stack: 0x0000000018db0000,0x0000000018eb0000] [id=8568]
  0x0000000019d58800 WatcherThread [stack: 0x000000001a1f0000,0x000000001a2f0000] [id=18304]

VM state:not at safepoint (normal execution)

VM Mutex/Monitor currently owned by a thread: None

Heap:
 PSYoungGen      total 123904K, used 12062K [0x00000000d5f00000, 0x00000000de600000, 0x0000000100000000)
  eden space 114176K, 10% used [0x00000000d5f00000,0x00000000d6ac7a98,0x00000000dce80000)
  from space 9728K, 0% used [0x00000000ddc80000,0x00000000ddc80000,0x00000000de600000)
  to   space 11776K, 0% used [0x00000000dcf00000,0x00000000dcf00000,0x00000000dda80000)
 ParOldGen       total 71168K, used 13154K [0x0000000081c00000, 0x0000000086180000, 0x00000000d5f00000)
  object space 71168K, 18% used [0x0000000081c00000,0x00000000828d8958,0x0000000086180000)
 Metaspace       used 34883K, capacity 36496K, committed 36824K, reserved 1081344K
  class space    used 4467K, capacity 4765K, committed 4824K, reserved 1048576K

Card table byte_map: [0x00000000125f0000,0x00000000129f0000] byte_map_base: 0x00000000121e2000

Marking Bits: (ParMarkBitMap*) 0x000000007019a5b0
 Begin Bits: [0x00000000130a0000, 0x0000000015030000)
 End Bits:   [0x0000000015030000, 0x0000000016fc0000)

Polling page: 0x0000000002f30000

CodeCache: size=245760Kb used=8858Kb max_used=9966Kb free=236901Kb
 bounds [0x0000000003230000, 0x0000000003c00000, 0x0000000012230000]
 total_blobs=3093 nmethods=2622 adapters=390
 compilation: enabled

Compilation events (10 events):
Event: 41.158 Thread 0x0000000017db5000 2987       3       java.nio.channels.spi.AbstractInterruptibleChannel::blockedOn (13 bytes)
Event: 41.158 Thread 0x0000000017db5000 nmethod 2987 0x0000000003781450 code [0x00000000037815e0, 0x0000000003781af0]
Event: 41.158 Thread 0x0000000017db5000 2988       3       java.lang.System$2::blockedOn (6 bytes)
Event: 41.158 Thread 0x0000000017db5000 nmethod 2988 0x00000000033f8610 code [0x00000000033f8780, 0x00000000033f8b90]
Event: 41.158 Thread 0x0000000017db5000 2989   !   3       java.lang.Thread::blockedOn (23 bytes)
Event: 41.159 Thread 0x0000000017db5000 nmethod 2989 0x00000000034429d0 code [0x0000000003442b40, 0x0000000003442e70]
Event: 41.720 Thread 0x0000000017db5000 2990       3       java.util.concurrent.locks.AbstractQueuedSynchronizer::isOnSyncQueue (33 bytes)
Event: 41.720 Thread 0x0000000017db5000 nmethod 2990 0x0000000003490810 code [0x0000000003490980, 0x0000000003490d10]
Event: 43.721 Thread 0x0000000017db5000 2991       3       java.util.concurrent.ScheduledThreadPoolExecutor$DelayedWorkQueue::setIndex (16 bytes)
Event: 43.721 Thread 0x0000000017db5000 nmethod 2991 0x0000000003406810 code [0x0000000003406980, 0x0000000003406cf0]

GC Heap History (10 events):
Event: 3.011 GC heap before
{Heap before GC invocations=4 (full 0):
 PSYoungGen      total 38400K, used 10385K [0x00000000d5f00000, 0x00000000daa00000, 0x0000000100000000)
  eden space 33280K, 15% used [0x00000000d5f00000,0x00000000d6425d90,0x00000000d7f80000)
  from space 5120K, 99% used [0x00000000d7f80000,0x00000000d847e978,0x00000000d8480000)
  to   space 5120K, 0% used [0x00000000da500000,0x00000000da500000,0x00000000daa00000)
 ParOldGen       total 87552K, used 5685K [0x0000000081c00000, 0x0000000087180000, 0x00000000d5f00000)
  object space 87552K, 6% used [0x0000000081c00000,0x000000008218d6c0,0x0000000087180000)
 Metaspace       used 20535K, capacity 21200K, committed 21248K, reserved 1067008K
  class space    used 2625K, capacity 2811K, committed 2816K, reserved 1048576K
Event: 3.020 GC heap after
Heap after GC invocations=4 (full 0):
 PSYoungGen      total 71680K, used 4946K [0x00000000d5f00000, 0x00000000daa00000, 0x0000000100000000)
  eden space 66560K, 0% used [0x00000000d5f00000,0x00000000d5f00000,0x00000000da000000)
  from space 5120K, 96% used [0x00000000da500000,0x00000000da9d4aa8,0x00000000daa00000)
  to   space 5120K, 0% used [0x00000000da000000,0x00000000da000000,0x00000000da500000)
 ParOldGen       total 87552K, used 5693K [0x0000000081c00000, 0x0000000087180000, 0x00000000d5f00000)
  object space 87552K, 6% used [0x0000000081c00000,0x000000008218f6c0,0x0000000087180000)
 Metaspace       used 20535K, capacity 21200K, committed 21248K, reserved 1067008K
  class space    used 2625K, capacity 2811K, committed 2816K, reserved 1048576K
}
Event: 3.020 GC heap before
{Heap before GC invocations=5 (full 1):
 PSYoungGen      total 71680K, used 4946K [0x00000000d5f00000, 0x00000000daa00000, 0x0000000100000000)
  eden space 66560K, 0% used [0x00000000d5f00000,0x00000000d5f00000,0x00000000da000000)
  from space 5120K, 96% used [0x00000000da500000,0x00000000da9d4aa8,0x00000000daa00000)
  to   space 5120K, 0% used [0x00000000da000000,0x00000000da000000,0x00000000da500000)
 ParOldGen       total 87552K, used 5693K [0x0000000081c00000, 0x0000000087180000, 0x00000000d5f00000)
  object space 87552K, 6% used [0x0000000081c00000,0x000000008218f6c0,0x0000000087180000)
 Metaspace       used 20535K, capacity 21200K, committed 21248K, reserved 1067008K
  class space    used 2625K, capacity 2811K, committed 2816K, reserved 1048576K
Event: 3.052 GC heap after
Heap after GC invocations=5 (full 1):
 PSYoungGen      total 71680K, used 0K [0x00000000d5f00000, 0x00000000daa00000, 0x0000000100000000)
  eden space 66560K, 0% used [0x00000000d5f00000,0x00000000d5f00000,0x00000000da000000)
  from space 5120K, 0% used [0x00000000da500000,0x00000000da500000,0x00000000daa00000)
  to   space 5120K, 0% used [0x00000000da000000,0x00000000da000000,0x00000000da500000)
 ParOldGen       total 49664K, used 4848K [0x0000000081c00000, 0x0000000084c80000, 0x00000000d5f00000)
  object space 49664K, 9% used [0x0000000081c00000,0x00000000820bc100,0x0000000084c80000)
 Metaspace       used 20533K, capacity 21194K, committed 21248K, reserved 1067008K
  class space    used 2624K, capacity 2810K, committed 2816K, reserved 1048576K
}
Event: 6.240 GC heap before
{Heap before GC invocations=6 (full 1):
 PSYoungGen      total 71680K, used 66560K [0x00000000d5f00000, 0x00000000daa00000, 0x0000000100000000)
  eden space 66560K, 100% used [0x00000000d5f00000,0x00000000da000000,0x00000000da000000)
  from space 5120K, 0% used [0x00000000da500000,0x00000000da500000,0x00000000daa00000)
  to   space 5120K, 0% used [0x00000000da000000,0x00000000da000000,0x00000000da500000)
 ParOldGen       total 49664K, used 4848K [0x0000000081c00000, 0x0000000084c80000, 0x00000000d5f00000)
  object space 49664K, 9% used [0x0000000081c00000,0x00000000820bc100,0x0000000084c80000)
 Metaspace       used 28147K, capacity 29534K, committed 29824K, reserved 1075200K
  class space    used 3610K, capacity 3878K, committed 3968K, reserved 1048576K
Event: 6.262 GC heap after
Heap after GC invocations=6 (full 1):
 PSYoungGen      total 71680K, used 5108K [0x00000000d5f00000, 0x00000000de780000, 0x0000000100000000)
  eden space 66560K, 0% used [0x00000000d5f00000,0x00000000d5f00000,0x00000000da000000)
  from space 5120K, 99% used [0x00000000da000000,0x00000000da4fd150,0x00000000da500000)
  to   space 11264K, 0% used [0x00000000ddc80000,0x00000000ddc80000,0x00000000de780000)
 ParOldGen       total 49664K, used 9284K [0x0000000081c00000, 0x0000000084c80000, 0x00000000d5f00000)
  object space 49664K, 18% used [0x0000000081c00000,0x0000000082511070,0x0000000084c80000)
 Metaspace       used 28147K, capacity 29534K, committed 29824K, reserved 1075200K
  class space    used 3610K, capacity 3878K, committed 3968K, reserved 1048576K
}
Event: 8.212 GC heap before
{Heap before GC invocations=7 (full 1):
 PSYoungGen      total 71680K, used 46230K [0x00000000d5f00000, 0x00000000de780000, 0x0000000100000000)
  eden space 66560K, 61% used [0x00000000d5f00000,0x00000000d8728a98,0x00000000da000000)
  from space 5120K, 99% used [0x00000000da000000,0x00000000da4fd150,0x00000000da500000)
  to   space 11264K, 0% used [0x00000000ddc80000,0x00000000ddc80000,0x00000000de780000)
 ParOldGen       total 49664K, used 9284K [0x0000000081c00000, 0x0000000084c80000, 0x00000000d5f00000)
  object space 49664K, 18% used [0x0000000081c00000,0x0000000082511070,0x0000000084c80000)
 Metaspace       used 33772K, capacity 35316K, committed 35416K, reserved 1079296K
  class space    used 4339K, capacity 4627K, committed 4696K, reserved 1048576K
Event: 8.224 GC heap after
Heap after GC invocations=7 (full 1):
 PSYoungGen      total 123904K, used 9382K [0x00000000d5f00000, 0x00000000de600000, 0x0000000100000000)
  eden space 114176K, 0% used [0x00000000d5f00000,0x00000000d5f00000,0x00000000dce80000)
  from space 9728K, 96% used [0x00000000ddc80000,0x00000000de5a9820,0x00000000de600000)
  to   space 11776K, 0% used [0x00000000dcf00000,0x00000000dcf00000,0x00000000dda80000)
 ParOldGen       total 49664K, used 9292K [0x0000000081c00000, 0x0000000084c80000, 0x00000000d5f00000)
  object space 49664K, 18% used [0x0000000081c00000,0x0000000082513070,0x0000000084c80000)
 Metaspace       used 33772K, capacity 35316K, committed 35416K, reserved 1079296K
  class space    used 4339K, capacity 4627K, committed 4696K, reserved 1048576K
}
Event: 8.224 GC heap before
{Heap before GC invocations=8 (full 2):
 PSYoungGen      total 123904K, used 9382K [0x00000000d5f00000, 0x00000000de600000, 0x0000000100000000)
  eden space 114176K, 0% used [0x00000000d5f00000,0x00000000d5f00000,0x00000000dce80000)
  from space 9728K, 96% used [0x00000000ddc80000,0x00000000de5a9820,0x00000000de600000)
  to   space 11776K, 0% used [0x00000000dcf00000,0x00000000dcf00000,0x00000000dda80000)
 ParOldGen       total 49664K, used 9292K [0x0000000081c00000, 0x0000000084c80000, 0x00000000d5f00000)
  object space 49664K, 18% used [0x0000000081c00000,0x0000000082513070,0x0000000084c80000)
 Metaspace       used 33772K, capacity 35316K, committed 35416K, reserved 1079296K
  class space    used 4339K, capacity 4627K, committed 4696K, reserved 1048576K
Event: 8.278 GC heap after
Heap after GC invocations=8 (full 2):
 PSYoungGen      total 123904K, used 0K [0x00000000d5f00000, 0x00000000de600000, 0x0000000100000000)
  eden space 114176K, 0% used [0x00000000d5f00000,0x00000000d5f00000,0x00000000dce80000)
  from space 9728K, 0% used [0x00000000ddc80000,0x00000000ddc80000,0x00000000de600000)
  to   space 11776K, 0% used [0x00000000dcf00000,0x00000000dcf00000,0x00000000dda80000)
 ParOldGen       total 71168K, used 13154K [0x0000000081c00000, 0x0000000086180000, 0x00000000d5f00000)
  object space 71168K, 18% used [0x0000000081c00000,0x00000000828d8958,0x0000000086180000)
 Metaspace       used 33772K, capacity 35316K, committed 35416K, reserved 1079296K
  class space    used 4339K, capacity 4627K, committed 4696K, reserved 1048576K
}

Deoptimization events (10 events):
Event: 13.690 Thread 0x00000000212b1800 Uncommon trap: reason=unhandled action=none pc=0x0000000003713a70 method=java.net.URLClassLoader.findClass(Ljava/lang/String;)Ljava/lang/Class; @ 44
Event: 13.691 Thread 0x00000000212b1800 Uncommon trap: reason=unhandled action=none pc=0x0000000003713a70 method=java.net.URLClassLoader.findClass(Ljava/lang/String;)Ljava/lang/Class; @ 44
Event: 13.693 Thread 0x00000000212b1800 Uncommon trap: reason=unhandled action=none pc=0x0000000003713a70 method=java.net.URLClassLoader.findClass(Ljava/lang/String;)Ljava/lang/Class; @ 44
Event: 13.719 Thread 0x00000000212b1800 Uncommon trap: reason=unhandled action=none pc=0x0000000003713a70 method=java.net.URLClassLoader.findClass(Ljava/lang/String;)Ljava/lang/Class; @ 44
Event: 13.723 Thread 0x00000000212b1800 Uncommon trap: reason=unhandled action=none pc=0x0000000003713a70 method=java.net.URLClassLoader.findClass(Ljava/lang/String;)Ljava/lang/Class; @ 44
Event: 13.729 Thread 0x00000000212b1800 Uncommon trap: reason=unhandled action=none pc=0x0000000003713a70 method=java.net.URLClassLoader.findClass(Ljava/lang/String;)Ljava/lang/Class; @ 44
Event: 13.748 Thread 0x00000000212b1800 Uncommon trap: reason=unhandled action=none pc=0x0000000003713a70 method=java.net.URLClassLoader.findClass(Ljava/lang/String;)Ljava/lang/Class; @ 44
Event: 13.752 Thread 0x00000000212b1800 Uncommon trap: reason=unhandled action=none pc=0x0000000003713a70 method=java.net.URLClassLoader.findClass(Ljava/lang/String;)Ljava/lang/Class; @ 44
Event: 16.413 Thread 0x0000000022252800 Uncommon trap: reason=unhandled action=none pc=0x0000000003713a70 method=java.net.URLClassLoader.findClass(Ljava/lang/String;)Ljava/lang/Class; @ 44
Event: 16.416 Thread 0x0000000022252800 Uncommon trap: reason=unhandled action=none pc=0x0000000003713a70 method=java.net.URLClassLoader.findClass(Ljava/lang/String;)Ljava/lang/Class; @ 44

Internal exceptions (10 events):
Event: 11.321 Thread 0x00000000212b2000 Exception <a 'sun/nio/fs/WindowsException'> (0x00000000d66127d0) thrown at [C:\re\workspace\8-2-build-windows-amd64-cygwin\jdk8u60\4407\hotspot\src\share\vm\prims\jni.cpp, line 709]
Event: 11.321 Thread 0x00000000212b2000 Exception <a 'sun/nio/fs/WindowsException'> (0x00000000d6613028) thrown at [C:\re\workspace\8-2-build-windows-amd64-cygwin\jdk8u60\4407\hotspot\src\share\vm\prims\jni.cpp, line 709]
Event: 13.656 Thread 0x00000000212b1800 Exception <a 'java/lang/ArrayIndexOutOfBoundsException': 38> (0x00000000d66d5998) thrown at [C:\re\workspace\8-2-build-windows-amd64-cygwin\jdk8u60\4407\hotspot\src\share\vm\interpreter\interpreterRuntime.cpp, line 366]
Event: 13.667 Thread 0x00000000212b1800 Exception <a 'java/lang/NoSuchMethodError': java.lang.Object.lambda$thenComparing$36697e65$1(Ljava/util/Comparator;Ljava/lang/Object;Ljava/lang/Object;)I> (0x00000000d66f8608) thrown at [C:\re\workspace\8-2-build-windows-amd64-cygwin\jdk8u60\4407\hotspot\säÜ÷‘√]+@
Event: 13.683 Thread 0x00000000212b1800 Exception <a 'java/lang/ArrayIndexOutOfBoundsException': 78> (0x00000000d672a688) thrown at [C:\re\workspace\8-2-build-windows-amd64-cygwin\jdk8u60\4407\hotspot\src\share\vm\interpreter\interpreterRuntime.cpp, line 366]
Event: 13.683 Thread 0x00000000212b1800 Exception <a 'java/lang/ArrayIndexOutOfBoundsException': 139> (0x00000000d672c3d8) thrown at [C:\re\workspace\8-2-build-windows-amd64-cygwin\jdk8u60\4407\hotspot\src\share\vm\interpreter\interpreterRuntime.cpp, line 366]
Event: 13.683 Thread 0x00000000212b1800 Exception <a 'java/lang/ArrayIndexOutOfBoundsException': 139> (0x00000000d672e2f0) thrown at [C:\re\workspace\8-2-build-windows-amd64-cygwin\jdk8u60\4407\hotspot\src\share\vm\interpreter\interpreterRuntime.cpp, line 366]
Event: 13.755 Thread 0x00000000212b1800 Exception <a 'java/io/IOException'> (0x00000000d6784088) thrown at [C:\re\workspace\8-2-build-windows-amd64-cygwin\jdk8u60\4407\hotspot\src\share\vm\prims\jni.cpp, line 709]
Event: 20.750 Thread 0x00000000212b2800 Exception <a 'sun/nio/fs/WindowsException'> (0x00000000d6910040) thrown at [C:\re\workspace\8-2-build-windows-amd64-cygwin\jdk8u60\4407\hotspot\src\share\vm\prims\jni.cpp, line 709]
Event: 20.750 Thread 0x00000000212b2800 Exception <a 'sun/nio/fs/WindowsException'> (0x00000000d6910898) thrown at [C:\re\workspace\8-2-build-windows-amd64-cygwin\jdk8u60\4407\hotspot\src\share\vm\prims\jni.cpp, line 709]

Events (10 events):
Event: 41.721 Thread 0x0000000017db5000 flushing nmethod 0x0000000003825fd0
Event: 41.721 Thread 0x0000000017db5000 flushing nmethod 0x0000000003839a90
Event: 41.721 Thread 0x0000000017db5000 flushing nmethod 0x0000000003839ed0
Event: 41.721 Thread 0x0000000017db5000 flushing nmethod 0x000000000383e9d0
Event: 41.721 Thread 0x0000000017db5000 flushing nmethod 0x000000000385a910
Event: 41.721 Thread 0x0000000017db5000 flushing nmethod 0x000000000385e410
Event: 43.721 Thread 0x0000000017db5000 flushing nmethod 0x0000000003882f90
Event: 43.721 Thread 0x0000000017db5000 flushing nmethod 0x00000000038c3350
Event: 45.594 Executing VM operation: RedefineClasses
Event: 45.616 Executing VM operation: RedefineClasses done


Dynamic libraries:
0x00007ff657360000 - 0x00007ff657397000 	C:\Program Files\Eclipse\jre\bin\javaw.exe
0x00007ffc58a10000 - 0x00007ffc58bfd000 	C:\WINDOWS\SYSTEM32\ntdll.dll
0x00007ffc56280000 - 0x00007ffc56333000 	C:\WINDOWS\System32\KERNEL32.DLL
0x00007ffc54af0000 - 0x00007ffc54d83000 	C:\WINDOWS\System32\KERNELBASE.dll
0x0000000072cd0000 - 0x0000000072d65000 	C:\WINDOWS\System32\SYSFER.DLL
0x00007ffc55d90000 - 0x00007ffc55e33000 	C:\WINDOWS\System32\ADVAPI32.dll
0x00007ffc56340000 - 0x00007ffc563de000 	C:\WINDOWS\System32\msvcrt.dll
0x00007ffc56030000 - 0x00007ffc560ce000 	C:\WINDOWS\System32\sechost.dll
0x00007ffc56eb0000 - 0x00007ffc56fd2000 	C:\WINDOWS\System32\RPCRT4.dll
0x00007ffc563e0000 - 0x00007ffc56577000 	C:\WINDOWS\System32\USER32.dll
0x00007ffc54e90000 - 0x00007ffc54eb0000 	C:\WINDOWS\System32\win32u.dll
0x00007ffc56a00000 - 0x00007ffc56a29000 	C:\WINDOWS\System32\GDI32.dll
0x00007ffc55a90000 - 0x00007ffc55c29000 	C:\WINDOWS\System32\gdi32full.dll
0x00007ffc559f0000 - 0x00007ffc55a90000 	C:\WINDOWS\System32\msvcp_win.dll
0x00007ffc54d90000 - 0x00007ffc54e8a000 	C:\WINDOWS\System32\ucrtbase.dll
0x00007ffc3f2a0000 - 0x00007ffc3f519000 	C:\WINDOWS\WinSxS\amd64_microsoft.windows.common-controls_6595b64144ccf1df_6.0.17763.973_none_05b245900721eb81\COMCTL32.dll
0x00007ffc565f0000 - 0x00007ffc5691c000 	C:\WINDOWS\System32\combase.dll
0x00007ffc55970000 - 0x00007ffc559ee000 	C:\WINDOWS\System32\bcryptPrimitives.dll
0x00007ffc56000000 - 0x00007ffc5602e000 	C:\WINDOWS\System32\IMM32.DLL
0x0000000068000000 - 0x0000000068066000 	C:\WINDOWS\System32\QIPCAP64.dll
0x00007ffc56fe0000 - 0x00007ffc584d4000 	C:\WINDOWS\System32\SHELL32.dll
0x00007ffc54ee0000 - 0x00007ffc54f2a000 	C:\WINDOWS\System32\cfgmgr32.dll
0x00007ffc588b0000 - 0x00007ffc58958000 	C:\WINDOWS\System32\shcore.dll
0x00007ffc55220000 - 0x00007ffc5596d000 	C:\WINDOWS\System32\windows.storage.dll
0x00007ffc54a20000 - 0x00007ffc54a44000 	C:\WINDOWS\System32\profapi.dll
0x00007ffc54a70000 - 0x00007ffc54acd000 	C:\WINDOWS\System32\powrprof.dll
0x00007ffc56940000 - 0x00007ffc56992000 	C:\WINDOWS\System32\shlwapi.dll
0x00007ffc54a50000 - 0x00007ffc54a61000 	C:\WINDOWS\System32\kernel.appcore.dll
0x00007ffc54ad0000 - 0x00007ffc54ae7000 	C:\WINDOWS\System32\cryptsp.dll
0x00007ffc53120000 - 0x00007ffc5314a000 	C:\WINDOWS\SYSTEM32\MAPI32.dll
0x00007ffc55c30000 - 0x00007ffc55d85000 	C:\WINDOWS\System32\ole32.dll
0x00007ffc53f40000 - 0x00007ffc54006000 	C:\WINDOWS\SYSTEM32\DNSAPI.dll
0x00007ffc56580000 - 0x00007ffc565ed000 	C:\WINDOWS\System32\WS2_32.dll
0x00007ffc55f70000 - 0x00007ffc55f78000 	C:\WINDOWS\System32\NSI.dll
0x00007ffc53ef0000 - 0x00007ffc53f2d000 	C:\WINDOWS\SYSTEM32\IPHLPAPI.DLL
0x00000000707c0000 - 0x0000000070892000 	C:\Program Files\Eclipse\jre\jre\bin\msvcr100.dll
0x000000006f990000 - 0x0000000070219000 	C:\Program Files\Eclipse\jre\jre\bin\server\jvm.dll
0x00007ffc588a0000 - 0x00007ffc588a8000 	C:\WINDOWS\System32\PSAPI.DLL
0x00007ffc3f780000 - 0x00007ffc3f789000 	C:\WINDOWS\SYSTEM32\WSOCK32.dll
0x00007ffc48bd0000 - 0x00007ffc48bf4000 	C:\WINDOWS\SYSTEM32\WINMM.dll
0x00007ffc4acc0000 - 0x00007ffc4acca000 	C:\WINDOWS\SYSTEM32\VERSION.dll
0x00007ffc48ba0000 - 0x00007ffc48bcd000 	C:\WINDOWS\SYSTEM32\WINMMBASE.dll
0x000000006f8a0000 - 0x000000006f8af000 	C:\Program Files\Eclipse\jre\jre\bin\verify.dll
0x000000006f870000 - 0x000000006f899000 	C:\Program Files\Eclipse\jre\jre\bin\java.dll
0x0000000070780000 - 0x00000000707b5000 	C:\Program Files\Eclipse\jre\jre\bin\jdwp.dll
0x0000000070770000 - 0x0000000070778000 	C:\Program Files\Eclipse\jre\jre\bin\npt.dll
0x000000006f850000 - 0x000000006f866000 	C:\Program Files\Eclipse\jre\jre\bin\zip.dll
0x0000000070760000 - 0x0000000070769000 	C:\Program Files\Eclipse\jre\jre\bin\dt_socket.dll
0x00007ffc34c50000 - 0x00007ffc34c66000 	C:\WINDOWS\system32\napinsp.dll
0x00007ffc34c30000 - 0x00007ffc34c4a000 	C:\WINDOWS\system32\pnrpnsp.dll
0x00007ffc541c0000 - 0x00007ffc54227000 	C:\WINDOWS\System32\mswsock.dll
0x00007ffc34c20000 - 0x00007ffc34c2e000 	C:\WINDOWS\System32\winrnr.dll
0x00007ffc518c0000 - 0x00007ffc518db000 	C:\WINDOWS\system32\NLAapi.dll
0x00007ffc4db20000 - 0x00007ffc4db35000 	C:\WINDOWS\system32\wshbth.dll
0x00007ffc4f2f0000 - 0x00007ffc4f369000 	C:\WINDOWS\System32\fwpuclnt.dll
0x00007ffc54eb0000 - 0x00007ffc54ed6000 	C:\WINDOWS\System32\bcrypt.dll
0x00007ffc4a420000 - 0x00007ffc4a42a000 	C:\Windows\System32\rasadhlp.dll
0x0000000070750000 - 0x000000007075d000 	C:\Program Files\Eclipse\jre\jre\bin\management.dll
0x000000006f830000 - 0x000000006f84a000 	C:\Program Files\Eclipse\jre\jre\bin\net.dll
0x000000006f810000 - 0x000000006f821000 	C:\Program Files\Eclipse\jre\jre\bin\nio.dll
0x00007ffc53af0000 - 0x00007ffc53b23000 	C:\WINDOWS\system32\rsaenh.dll
0x00007ffc54930000 - 0x00007ffc54958000 	C:\WINDOWS\SYSTEM32\USERENV.dll
0x00007ffc543f0000 - 0x00007ffc543fc000 	C:\WINDOWS\SYSTEM32\CRYPTBASE.dll
0x00007ffc4f100000 - 0x00007ffc4f116000 	C:\WINDOWS\SYSTEM32\dhcpcsvc6.DLL
0x00007ffc4ed60000 - 0x00007ffc4ed7c000 	C:\WINDOWS\SYSTEM32\dhcpcsvc.DLL
0x000000006f640000 - 0x000000006f7d8000 	C:\Program Files\Eclipse\jre\jre\bin\awt.dll
0x00007ffc584f0000 - 0x00007ffc585b4000 	C:\WINDOWS\System32\OLEAUT32.dll
0x00007ffc51f20000 - 0x00007ffc51fac000 	C:\WINDOWS\SYSTEM32\apphelp.dll
0x00007ffc52610000 - 0x00007ffc526ac000 	C:\WINDOWS\system32\uxtheme.dll
0x00007ffc58730000 - 0x00007ffc5889c000 	C:\WINDOWS\System32\MSCTF.dll
0x00007ffc529c0000 - 0x00007ffc529ee000 	C:\WINDOWS\system32\dwmapi.dll
0x00007ffc54f30000 - 0x00007ffc5510c000 	C:\WINDOWS\System32\CRYPT32.dll
0x0000000003000000 - 0x0000000003012000 	C:\WINDOWS\System32\MSASN1.dll
0x00007ffc53150000 - 0x00007ffc5333d000 	C:\WINDOWS\SYSTEM32\dbghelp.dll

VM Arguments:
jvm_args: -agentlib:jdwp=transport=dt_socket,suspend=y,address=localhost:3114 -Dfile.encoding=UTF-8 
java_command: com.amdocs.crmdashboardinnovationapp.CrmDashboardInnovationAppApplication
java_class_path (initial): C:\Users\grigoryt\Downloads\crm-dashboard-innovation-app\target\classes;C:\Users\grigoryt\.m2\repository\org\springframework\boot\spring-boot-starter-web\2.2.4.RELEASE\spring-boot-starter-web-2.2.4.RELEASE.jar;C:\Users\grigoryt\.m2\repository\org\springframework\boot\spring-boot-starter\2.2.4.RELEASE\spring-boot-starter-2.2.4.RELEASE.jar;C:\Users\grigoryt\.m2\repository\org\springframework\boot\spring-boot\2.2.4.RELEASE\spring-boot-2.2.4.RELEASE.jar;C:\Users\grigoryt\.m2\repository\org\springframework\boot\spring-boot-autoconfigure\2.2.4.RELEASE\spring-boot-autoconfigure-2.2.4.RELEASE.jar;C:\Users\grigoryt\.m2\repository\org\springframework\boot\spring-boot-starter-logging\2.2.4.RELEASE\spring-boot-starter-logging-2.2.4.RELEASE.jar;C:\Users\grigoryt\.m2\repository\ch\qos\logback\logback-classic\1.2.3\logback-classic-1.2.3.jar;C:\Users\grigoryt\.m2\repository\ch\qos\logback\logback-core\1.2.3\logback-core-1.2.3.jar;C:\Users\grigoryt\.m2\repository\org\apache\logging\log4j\log4j-to-slf4j\2.12.1\log4j-to-slf4j-2.12.1.jar;C:\Users\grigoryt\.m2\repository\org\apache\logging\log4j\log4j-api\2.12.1\log4j-api-2.12.1.jar;C:\Users\grigoryt\.m2\repository\org\slf4j\jul-to-slf4j\1.7.30\jul-to-slf4j-1.7.30.jar;C:\Users\grigoryt\.m2\repository\jakarta\annotation\jakarta.annotation-api\1.3.5\jakarta.annotation-api-1.3.5.jar;C:\Users\grigoryt\.m2\repository\org\yaml\snakeyaml\1.25\snakeyaml-1.25.jar;C:\Users\grigoryt\.m2\repository\org\springframework\boot\spring-boot-starter-json\2.2.4.RELEASE\spring-boot-starter-json-2.2.4.RELEASE.jar;C:\Users\grigoryt\.m2\repository\com\fasterxml\jackson\datatype\jackson-datatype-jdk8\2.10.2\jackson-datatype-jdk8-2.10.2.jar;C:\Users\grigoryt\.m2\repository\com\fasterxml\jackson\datatype\jackson-datatype-jsr310\2.10.2\jackson-datatype-jsr310-2.10.2.jar;C:\Users\grigoryt\.m2\repository\com\fasterxml\jackson\module\jackson-module-parameter-names\2.10.2\jackson-module-parameter-names-2.10.2.jar;C:\Users\grigoryt\.m2\repo
Launcher Type: SUN_STANDARD

Environment Variables:
JAVA_HOME=C:\Program Files (x86)\Java\jdk1.8.0_201
JRE_HOME=C:\Program Files (x86)\Java\jre1.8.0_231
PATH=C:\Program Files\Eclipse\jre\bin;C:/Program Files/Eclipse/jre/bin/../jre/bin/server;C:/Program Files/Eclipse/jre/bin/../jre/bin;C:/Program Files/Eclipse/jre/bin/../jre/lib/amd64;C:\ProgramData\Oracle\Java\javapath;C:\Program Files (x86)\RSA SecurID Token Common;O:\ora11202w\BIN;C:\Program Files (x86)\Common Files\Oracle\Java\javapath;C:\WINDOWS\system32;C:\WINDOWS;C:\WINDOWS\System32\Wbem;C:\WINDOWS\System32\WindowsPowerShell\v1.0\;C:\Program Files (x86)\Intel\Intel(R) Management Engine Components\DAL;C:\Program Files\Intel\Intel(R) Management Engine Components\DAL;C:\Program Files\Intel\WiFi\bin\;C:\Program Files\Common Files\Intel\WirelessCommon\;C:\Program Files\PuTTY\;C:\apache-maven-3.2.5\bin;C:\apache-maven-3.2.5\bin;C:\Program Files (x86)\Java\jre1.8.0_231\bin;C:\Program Files (x86)\Java\jdk1.8.0_201\bin;C:\Program Files\nodejs\;C:\WINDOWS\System32\OpenSSH\;C:\Users\grigoryt\AppData\Local\Microsoft\WindowsApps;C:\Program Files\Intel\WiFi\bin\;C:\Program Files\Common Files\Intel\WirelessCommon\;C:\apache-maven-3.2.5\bin;C:\Program Files (x86)\IDM Computer Solutions\UltraEdit\;C:\Program Files (x86)\Java\jre1.8.0_231\bin;C:\Users\grigoryt\AppData\Local\Programs\Microsoft VS Code\bin;C:\Users\grigoryt\AppData\Roaming\npm;C:\Program Files\nodejs;;C:\Program Files\Eclipse;
USERNAME=grigoryt
OS=Windows_NT
PROCESSOR_IDENTIFIER=Intel64 Family 6 Model 142 Stepping 9, GenuineIntel



---------------  S Y S T E M  ---------------

OS: Windows 10.0 , 64 bit Build 17763 (10.0.17763.475)

CPU:total 4 (2 cores per cpu, 2 threads per core) family 6 model 142 stepping 9, cmov, cx8, fxsr, mmx, sse, sse2, sse3, ssse3, sse4.1, sse4.2, popcnt, avx, avx2, aes, clmul, erms, rtm, 3dnowpref, lzcnt, ht, tsc, tscinvbit, bmi1, bmi2, adx

Memory: 4k page, physical 8267812k(1636488k free), swap 16394276k(3578572k free)

vm_info: Java HotSpot(TM) 64-Bit Server VM (25.60-b23) for windows-amd64 JRE (1.8.0_60-b27), built on Aug  4 2015 11:06:27 by "java_re" with MS VC++ 10.0 (VS2010)

time: Sun Feb 02 17:05:04 2020
elapsed time: 45 seconds (0d 0h 0m 45s)

